{
  "stats": {
    "suites": 1,
    "tests": 1,
    "passes": 0,
    "pending": 0,
    "failures": 1,
    "start": "2025-01-29T01:35:26.073Z",
    "end": "2025-01-29T01:35:26.653Z",
    "duration": 580,
    "testsRegistered": 1,
    "passPercent": 0,
    "pendingPercent": 0,
    "other": 0,
    "hasOther": false,
    "skipped": 0,
    "hasSkipped": false
  },
  "results": [
    {
      "uuid": "6ae64fa1-5dc3-4cd0-a036-57c2141d5755",
      "title": "",
      "fullFile": "cypress\\e2e\\1-integration\\3-consultarUser\\getUserById.cy.js",
      "file": "cypress\\e2e\\1-integration\\3-consultarUser\\getUserById.cy.js",
      "beforeHooks": [],
      "afterHooks": [],
      "tests": [],
      "suites": [
        {
          "uuid": "0caf710d-3192-4c76-a158-ab710a50e2f0",
          "title": "Teste de API - Consulta de Usuário",
          "fullFile": "",
          "file": "",
          "beforeHooks": [],
          "afterHooks": [],
          "tests": [
            {
              "title": "Deve consultar o usuário cadastrado previamente",
              "fullTitle": "Teste de API - Consulta de Usuário Deve consultar o usuário cadastrado previamente",
              "timedOut": null,
              "duration": 547,
              "state": "failed",
              "speed": null,
              "pass": false,
              "fail": true,
              "pending": false,
              "context": null,
              "code": "// Lê o ID do usuário salvo no arquivo JSON\ncy.readFile('cypress/fixtures/userData.json').then(userData => {\n  const userId = userData.id;\n  // Realiza a consulta do usuário\n  cy.request({\n    method: 'GET',\n    url: `${apiUrl}/${userId}`\n  }).then(response => {\n    // Verifica se o status code é 200\n    expect(response.status).to.eq(200);\n    // Valida os dados retornados\n    const user = response.body;\n    expect(user).to.have.property('_id', userId);\n    expect(user).to.have.property('nome', userData.nome);\n    expect(user).to.have.property('email', userData.email);\n    cy.log('Consulta de usuário realizada com sucesso.');\n  });\n});",
              "err": {
                "message": "CypressError: `cy.request()` failed on:\n\nhttps://serverest.dev/usuarios/rYXGlWrHYMfHk6Fq\n\nThe response we received from your web server was:\n\n  > 400: Bad Request\n\nThis was considered a failure because the status code was not `2xx` or `3xx`.\n\nIf you do not want status codes to cause failures pass the option: `failOnStatusCode: false`\n\n-----------------------------------------------------------\n\nThe request we sent was:\n\nMethod: GET\nURL: https://serverest.dev/usuarios/rYXGlWrHYMfHk6Fq\nHeaders: {\n  \"Connection\": \"keep-alive\",\n  \"user-agent\": \"Mozilla/5.0 (Windows NT 10.0; Win64; x64) AppleWebKit/537.36 (KHTML, like Gecko) HeadlessChrome/132.0.0.0 Safari/537.36\",\n  \"accept\": \"*/*\",\n  \"accept-encoding\": \"gzip, deflate\"\n}\n\n-----------------------------------------------------------\n\nThe response we got was:\n\nStatus: 400 - Bad Request\nHeaders: {\n  \"access-control-allow-origin\": \"*\",\n  \"x-dns-prefetch-control\": \"off\",\n  \"x-frame-options\": \"SAMEORIGIN\",\n  \"strict-transport-security\": \"max-age=15552000; includeSubDomains\",\n  \"x-download-options\": \"noopen\",\n  \"x-content-type-options\": \"nosniff\",\n  \"x-xss-protection\": \"1; mode=block\",\n  \"content-type\": \"application/json; charset=utf-8\",\n  \"x-cloud-trace-context\": \"8a4b971875f307bfb12ac94da7b8577f\",\n  \"date\": \"Wed, 29 Jan 2025 01:35:19 GMT\",\n  \"server\": \"Google Frontend\",\n  \"content-length\": \"45\"\n}\nBody: {\n  \"message\": \"Usuário não encontrado\"\n}\n\n\nhttps://on.cypress.io/request",
                "estack": "CypressError: `cy.request()` failed on:\n\nhttps://serverest.dev/usuarios/rYXGlWrHYMfHk6Fq\n\nThe response we received from your web server was:\n\n  > 400: Bad Request\n\nThis was considered a failure because the status code was not `2xx` or `3xx`.\n\nIf you do not want status codes to cause failures pass the option: `failOnStatusCode: false`\n\n-----------------------------------------------------------\n\nThe request we sent was:\n\nMethod: GET\nURL: https://serverest.dev/usuarios/rYXGlWrHYMfHk6Fq\nHeaders: {\n  \"Connection\": \"keep-alive\",\n  \"user-agent\": \"Mozilla/5.0 (Windows NT 10.0; Win64; x64) AppleWebKit/537.36 (KHTML, like Gecko) HeadlessChrome/132.0.0.0 Safari/537.36\",\n  \"accept\": \"*/*\",\n  \"accept-encoding\": \"gzip, deflate\"\n}\n\n-----------------------------------------------------------\n\nThe response we got was:\n\nStatus: 400 - Bad Request\nHeaders: {\n  \"access-control-allow-origin\": \"*\",\n  \"x-dns-prefetch-control\": \"off\",\n  \"x-frame-options\": \"SAMEORIGIN\",\n  \"strict-transport-security\": \"max-age=15552000; includeSubDomains\",\n  \"x-download-options\": \"noopen\",\n  \"x-content-type-options\": \"nosniff\",\n  \"x-xss-protection\": \"1; mode=block\",\n  \"content-type\": \"application/json; charset=utf-8\",\n  \"x-cloud-trace-context\": \"8a4b971875f307bfb12ac94da7b8577f\",\n  \"date\": \"Wed, 29 Jan 2025 01:35:19 GMT\",\n  \"server\": \"Google Frontend\",\n  \"content-length\": \"45\"\n}\nBody: {\n  \"message\": \"Usuário não encontrado\"\n}\n\n\nhttps://on.cypress.io/request\n    at <unknown> (http://localhost:59196/__cypress/runner/cypress_runner.js:132659:72)\n    at tryCatcher (http://localhost:59196/__cypress/runner/cypress_runner.js:1777:23)\n    at Promise._settlePromiseFromHandler (http://localhost:59196/__cypress/runner/cypress_runner.js:1489:31)\n    at Promise._settlePromise (http://localhost:59196/__cypress/runner/cypress_runner.js:1546:18)\n    at Promise._settlePromise0 (http://localhost:59196/__cypress/runner/cypress_runner.js:1591:10)\n    at Promise._settlePromises (http://localhost:59196/__cypress/runner/cypress_runner.js:1671:18)\n    at _drainQueueStep (http://localhost:59196/__cypress/runner/cypress_runner.js:2377:12)\n    at _drainQueue (http://localhost:59196/__cypress/runner/cypress_runner.js:2370:9)\n    at Async._drainQueues (http://localhost:59196/__cypress/runner/cypress_runner.js:2386:5)\n    at Async.drainQueues (http://localhost:59196/__cypress/runner/cypress_runner.js:2256:14)\nFrom Your Spec Code:\n    at captureUserInvocationStack (http://localhost:59196/__cypress/runner/cypress_runner.js:138885:94)\n    at $Cy.expect (http://localhost:59196/__cypress/runner/cypress_runner.js:138923:7)\n    at exists (http://localhost:59196/__cypress/runner/cypress_runner.js:142734:8)\n    at ensureExistence (http://localhost:59196/__cypress/runner/cypress_runner.js:142933:20)\n    at tryCatcher (http://localhost:59196/__cypress/runner/cypress_runner.js:1777:23)\n    at Promise.attempt.Promise.try (http://localhost:59196/__cypress/runner/cypress_runner.js:4285:29)\n    at $Cy.verifyUpcomingAssertions (http://localhost:59196/__cypress/runner/cypress_runner.js:143022:70)\n    at onRetry (http://localhost:59196/__cypress/runner/cypress_runner.js:143648:15)\n    at tryCatcher (http://localhost:59196/__cypress/runner/cypress_runner.js:1777:23)\n    at Promise.attempt.Promise.try (http://localhost:59196/__cypress/runner/cypress_runner.js:4285:29)",
                "diff": null
              },
              "uuid": "0701b6fa-6025-4f41-a2cd-aaf7743c19f5",
              "parentUUID": "0caf710d-3192-4c76-a158-ab710a50e2f0",
              "isHook": false,
              "skipped": false
            }
          ],
          "suites": [],
          "passes": [],
          "failures": [
            "0701b6fa-6025-4f41-a2cd-aaf7743c19f5"
          ],
          "pending": [],
          "skipped": [],
          "duration": 547,
          "root": false,
          "rootEmpty": false,
          "_timeout": 2000
        }
      ],
      "passes": [],
      "failures": [],
      "pending": [],
      "skipped": [],
      "duration": 0,
      "root": true,
      "rootEmpty": true,
      "_timeout": 2000
    }
  ],
  "meta": {
    "mocha": {
      "version": "7.0.1"
    },
    "mochawesome": {
      "options": {
        "quiet": false,
        "reportFilename": "mochawesome",
        "saveHtml": false,
        "saveJson": true,
        "consoleReporter": "spec",
        "useInlineDiffs": false,
        "code": true
      },
      "version": "7.1.3"
    },
    "marge": {
      "options": {
        "overwrite": false,
        "html": false,
        "json": true
      },
      "version": "6.2.0"
    }
  }
}